<?xml version="1.0" encoding="UTF-8"?>
<testng-results ignored="0" total="1" passed="1" failed="0" skipped="0">
  <reporter-output>
  </reporter-output>
  <suite started-at="2023-09-15T23:09:27 IST" name="Default suite" finished-at="2023-09-15T23:17:56 IST" duration-ms="509060">
    <groups>
    </groups>
    <test started-at="2023-09-15T23:09:27 IST" name="Default test" finished-at="2023-09-15T23:17:56 IST" duration-ms="509060">
      <class name="demoTest.StaleElementException">
        <test-method signature="clickTest()[pri:0, instance:demoTest.StaleElementException@58d75e99]" started-at="2023-09-15T23:09:27 IST" name="clickTest" finished-at="2023-09-15T23:17:56 IST" duration-ms="509015" status="PASS">
          <reporter-output>
          </reporter-output>
        </test-method> <!-- clickTest -->
      </class> <!-- demoTest.StaleElementException -->
    </test> <!-- Default test -->
  </suite> <!-- Default suite -->
</testng-results>
