<?xml version="1.0" encoding="UTF-8"?>
<testng-results ignored="0" total="1" passed="1" failed="0" skipped="0">
  <reporter-output>
  </reporter-output>
  <suite started-at="2024-02-16T21:03:27 IST" name="Suite" finished-at="2024-02-16T21:36:08 IST" duration-ms="1960564">
    <groups>
    </groups>
    <test started-at="2024-02-16T21:03:27 IST" name="Test" finished-at="2024-02-16T21:36:08 IST" duration-ms="1960564">
      <class name="com.axisrooms.rateShopper.test.RefreshTestForRates">
        <test-method is-config="true" signature="setUp([Ljava.lang.Object;)[pri:0, instance:com.axisrooms.rateShopper.test.RefreshTestForRates@25641d39]" started-at="2024-02-16T21:03:28 IST" name="setUp" finished-at="2024-02-16T21:03:41 IST" duration-ms="12830" status="PASS">
          <params>
            <param index="0">
              <value>
                <![CDATA[[Ljava.lang.Object;@2e77527d]]>
              </value>
            </param>
          </params>
          <reporter-output>
          </reporter-output>
        </test-method> <!-- setUp -->
        <test-method signature="refreshTest(java.util.Map)[pri:0, instance:com.axisrooms.rateShopper.test.RefreshTestForRates@25641d39]" started-at="2024-02-16T21:03:41 IST" name="refreshTest" description="To check whether the user can successfully login" data-provider="getData" finished-at="2024-02-16T21:36:07 IST" duration-ms="1946833" status="PASS">
          <params>
            <param index="0">
              <value>
                <![CDATA[{TimeForWait=5000, TestName=refreshTest, selectProperties=Casino hotel, Cochin, India, UserName=kancharla.p@axisrooms.com, Execute=yes, NoOfNights=1, RefreshFor=Rates , Month=, OTAs=, NoOfAdults=2, DateQuickLinks=Today, Browser=chrome, Password=Axisrooms321#, Actual Result=}]]>
              </value>
            </param>
          </params>
          <reporter-output>
          </reporter-output>
        </test-method> <!-- refreshTest -->
        <test-method is-config="true" signature="tearDown()[pri:0, instance:com.axisrooms.rateShopper.test.RefreshTestForRates@25641d39]" started-at="2024-02-16T21:36:07 IST" name="tearDown" finished-at="2024-02-16T21:36:08 IST" duration-ms="321" status="PASS">
          <reporter-output>
          </reporter-output>
        </test-method> <!-- tearDown -->
      </class> <!-- com.axisrooms.rateShopper.test.RefreshTestForRates -->
    </test> <!-- Test -->
  </suite> <!-- Suite -->
</testng-results>
